2024-02-02 16:38:34.026 [main] INFO  ua.foxminded.skarb.tests.NgoRegistrationTest - Create driver: Chrome
2024-02-02 16:38:34.495 [main] INFO  ua.foxminded.skarb.tests.NgoRegistrationTest - Starting register a NGO
2024-02-02 16:38:36.297 [main] INFO  ua.foxminded.skarb.tests.NgoRegistrationTest - NGO page was open
2024-02-02 16:38:36.419 [main] INFO  ua.foxminded.skarb.pages.NgoSignUpPage - Email was written: null
2024-02-02 16:38:36.454 [main] INFO  ua.foxminded.skarb.pages.NgoSignUpPage - First name was written: null
2024-02-02 16:38:36.486 [main] INFO  ua.foxminded.skarb.pages.NgoSignUpPage - Last name was written: null
2024-02-02 16:38:36.520 [main] INFO  ua.foxminded.skarb.pages.NgoSignUpPage - Sex:Male was chosen.
2024-02-02 16:38:36.580 [main] INFO  ua.foxminded.skarb.pages.NgoSignUpPage - Password & Confirmation were written
2024-02-02 16:38:36.611 [main] INFO  ua.foxminded.skarb.pages.NgoSignUpPage - Organization name was written: null
2024-02-02 16:38:36.714 [main] INFO  ua.foxminded.skarb.pages.NgoSignUpPage - 'Programming' category was chosen
2024-02-02 16:38:36.746 [main] INFO  ua.foxminded.skarb.pages.NgoSignUpPage - Position: null was written.
2024-02-02 16:38:37.647 [main] INFO  ua.foxminded.skarb.pages.NgoSignUpPage - Sign Up button was clicked.
2024-02-02 16:38:37.649 [main] INFO  ua.foxminded.skarb.tests.NgoRegistrationTest - NGO registration form was filled in
2024-02-02 16:38:40.300 [main] INFO  ua.foxminded.skarb.pages.CongratsNgoPage - Mail tab was open
2024-02-02 16:40:00.423 [main] INFO  ua.foxminded.skarb.tests.NgoRegistrationTest - Close driver
2024-02-02 16:55:48.089 [main] INFO  ua.foxminded.skarb.tests.NgoRegistrationTest - Create driver: Chrome
2024-02-02 16:55:48.573 [main] INFO  ua.foxminded.skarb.tests.NgoRegistrationTest - Starting register a NGO
2024-02-02 16:55:50.747 [main] INFO  ua.foxminded.skarb.tests.NgoRegistrationTest - NGO page was open
2024-02-02 16:55:50.991 [main] INFO  ua.foxminded.skarb.pages.NgoSignUpPage - Email was written: Agwy.Jtgbw@example.com
2024-02-02 16:55:51.043 [main] INFO  ua.foxminded.skarb.pages.NgoSignUpPage - First name was written: Agwy
2024-02-02 16:55:51.089 [main] INFO  ua.foxminded.skarb.pages.NgoSignUpPage - Last name was written: Jtgbw
2024-02-02 16:55:51.124 [main] INFO  ua.foxminded.skarb.pages.NgoSignUpPage - Sex:Male was chosen.
2024-02-02 16:55:51.226 [main] INFO  ua.foxminded.skarb.pages.NgoSignUpPage - Password & Confirmation were written
2024-02-02 16:55:51.279 [main] INFO  ua.foxminded.skarb.pages.NgoSignUpPage - Organization name was written: XGBZ
2024-02-02 16:55:51.389 [main] INFO  ua.foxminded.skarb.pages.NgoSignUpPage - 'Programming' category was chosen
2024-02-02 16:55:51.436 [main] INFO  ua.foxminded.skarb.pages.NgoSignUpPage - Position: Engineer was written.
2024-02-02 16:55:52.723 [main] INFO  ua.foxminded.skarb.pages.NgoSignUpPage - Sign Up button was clicked.
2024-02-02 16:55:52.725 [main] INFO  ua.foxminded.skarb.tests.NgoRegistrationTest - NGO registration form was filled in
2024-02-02 16:55:55.268 [main] INFO  ua.foxminded.skarb.pages.CongratsNgoPage - Mail tab was open
2024-02-02 16:57:15.431 [main] INFO  ua.foxminded.skarb.tests.NgoRegistrationTest - Close driver
2024-02-02 17:19:18.716 [main] INFO  ua.foxminded.skarb.tests.NgoRegistrationTest - Create driver: Chrome
2024-02-02 17:19:19.130 [main] INFO  ua.foxminded.skarb.tests.NgoRegistrationTest - Starting register a NGO
2024-02-02 17:19:20.756 [main] INFO  ua.foxminded.skarb.tests.NgoRegistrationTest - NGO page was open
2024-02-02 17:19:20.993 [main] INFO  ua.foxminded.skarb.pages.NgoSignUpPage - Email was written: Jsab.Mmtza@example.com
2024-02-02 17:19:21.046 [main] INFO  ua.foxminded.skarb.pages.NgoSignUpPage - First name was written: Jsab
2024-02-02 17:19:21.096 [main] INFO  ua.foxminded.skarb.pages.NgoSignUpPage - Last name was written: Mmtza
2024-02-02 17:19:21.129 [main] INFO  ua.foxminded.skarb.pages.NgoSignUpPage - Sex:Male was chosen.
2024-02-02 17:19:21.235 [main] INFO  ua.foxminded.skarb.pages.NgoSignUpPage - Password & Confirmation were written
2024-02-02 17:19:21.287 [main] INFO  ua.foxminded.skarb.pages.NgoSignUpPage - Organization name was written: ROVK
2024-02-02 17:19:21.397 [main] INFO  ua.foxminded.skarb.pages.NgoSignUpPage - 'Programming' category was chosen
2024-02-02 17:19:21.445 [main] INFO  ua.foxminded.skarb.pages.NgoSignUpPage - Position: Engineer was written.
2024-02-02 17:19:22.613 [main] INFO  ua.foxminded.skarb.pages.NgoSignUpPage - Sign Up button was clicked.
2024-02-02 17:19:22.615 [main] INFO  ua.foxminded.skarb.tests.NgoRegistrationTest - NGO registration form was filled in
2024-02-02 17:19:24.964 [main] INFO  ua.foxminded.skarb.pages.CongratsNgoPage - Mail tab was open
2024-02-02 17:20:45.581 [main] INFO  ua.foxminded.skarb.tests.NgoRegistrationTest - Close driver
2024-02-02 17:22:56.816 [main] INFO  ua.foxminded.skarb.tests.NgoRegistrationTest - Create driver: Chrome
2024-02-02 17:22:57.232 [main] INFO  ua.foxminded.skarb.tests.NgoRegistrationTest - Starting register a NGO
2024-02-02 17:22:58.841 [main] INFO  ua.foxminded.skarb.tests.NgoRegistrationTest - NGO page was open
2024-02-02 17:22:59.065 [main] INFO  ua.foxminded.skarb.pages.NgoSignUpPage - Email was written: Uluh.Fljdp@example.com
2024-02-02 17:22:59.118 [main] INFO  ua.foxminded.skarb.pages.NgoSignUpPage - First name was written: Uluh
2024-02-02 17:22:59.167 [main] INFO  ua.foxminded.skarb.pages.NgoSignUpPage - Last name was written: Fljdp
2024-02-02 17:22:59.207 [main] INFO  ua.foxminded.skarb.pages.NgoSignUpPage - Sex:Male was chosen.
2024-02-02 17:22:59.311 [main] INFO  ua.foxminded.skarb.pages.NgoSignUpPage - Password & Confirmation were written
2024-02-02 17:22:59.366 [main] INFO  ua.foxminded.skarb.pages.NgoSignUpPage - Organization name was written: SRSD
2024-02-02 17:22:59.475 [main] INFO  ua.foxminded.skarb.pages.NgoSignUpPage - 'Programming' category was chosen
2024-02-02 17:22:59.528 [main] INFO  ua.foxminded.skarb.pages.NgoSignUpPage - Position: Product Manager was written.
2024-02-02 17:23:00.675 [main] INFO  ua.foxminded.skarb.pages.NgoSignUpPage - Sign Up button was clicked.
2024-02-02 17:23:00.676 [main] INFO  ua.foxminded.skarb.tests.NgoRegistrationTest - NGO registration form was filled in
2024-02-02 17:23:02.760 [main] INFO  ua.foxminded.skarb.pages.CongratsNgoPage - Mail tab was open
2024-02-02 17:24:23.415 [main] INFO  ua.foxminded.skarb.tests.NgoRegistrationTest - Close driver
2024-02-02 17:25:16.994 [main] INFO  ua.foxminded.skarb.tests.NgoRegistrationTest - Create driver: Chrome
2024-02-02 17:25:17.410 [main] INFO  ua.foxminded.skarb.tests.NgoRegistrationTest - Starting register a NGO
2024-02-02 17:25:19.036 [main] INFO  ua.foxminded.skarb.tests.NgoRegistrationTest - NGO page was open
2024-02-02 17:25:19.259 [main] INFO  ua.foxminded.skarb.pages.NgoSignUpPage - Email was written: Zlkp.Abopt@example.com
2024-02-02 17:25:19.315 [main] INFO  ua.foxminded.skarb.pages.NgoSignUpPage - First name was written: Zlkp
2024-02-02 17:25:19.364 [main] INFO  ua.foxminded.skarb.pages.NgoSignUpPage - Last name was written: Abopt
2024-02-02 17:25:19.400 [main] INFO  ua.foxminded.skarb.pages.NgoSignUpPage - Sex:Male was chosen.
2024-02-02 17:25:19.501 [main] INFO  ua.foxminded.skarb.pages.NgoSignUpPage - Password & Confirmation were written
2024-02-02 17:25:19.554 [main] INFO  ua.foxminded.skarb.pages.NgoSignUpPage - Organization name was written: AZXN
2024-02-02 17:25:19.662 [main] INFO  ua.foxminded.skarb.pages.NgoSignUpPage - 'Programming' category was chosen
2024-02-02 17:25:19.713 [main] INFO  ua.foxminded.skarb.pages.NgoSignUpPage - Position: Product Manager was written.
2024-02-02 17:25:20.853 [main] INFO  ua.foxminded.skarb.pages.NgoSignUpPage - Sign Up button was clicked.
2024-02-02 17:25:20.856 [main] INFO  ua.foxminded.skarb.tests.NgoRegistrationTest - NGO registration form was filled in
2024-02-02 17:25:23.245 [main] INFO  ua.foxminded.skarb.pages.CongratsNgoPage - Mail tab was open
2024-02-02 17:26:44.142 [main] INFO  ua.foxminded.skarb.tests.NgoRegistrationTest - Close driver
2024-02-02 17:30:04.507 [main] INFO  ua.foxminded.skarb.tests.NgoRegistrationTest - Create driver: Chrome
2024-02-02 17:30:04.925 [main] INFO  ua.foxminded.skarb.tests.NgoRegistrationTest - Starting register a NGO
2024-02-02 17:30:06.506 [main] INFO  ua.foxminded.skarb.tests.NgoRegistrationTest - NGO page was open
2024-02-02 17:30:06.720 [main] INFO  ua.foxminded.skarb.pages.NgoSignUpPage - Email was written: @example.com
2024-02-02 17:30:06.774 [main] INFO  ua.foxminded.skarb.pages.NgoSignUpPage - First name was written: Juxy
2024-02-02 17:30:06.825 [main] INFO  ua.foxminded.skarb.pages.NgoSignUpPage - Last name was written: Nfyll
2024-02-02 17:30:06.865 [main] INFO  ua.foxminded.skarb.pages.NgoSignUpPage - Sex:Male was chosen.
2024-02-02 17:30:06.967 [main] INFO  ua.foxminded.skarb.pages.NgoSignUpPage - Password & Confirmation were written
2024-02-02 17:30:07.019 [main] INFO  ua.foxminded.skarb.pages.NgoSignUpPage - Organization name was written: WIIL
2024-02-02 17:30:07.143 [main] INFO  ua.foxminded.skarb.pages.NgoSignUpPage - 'Programming' category was chosen
2024-02-02 17:30:07.209 [main] INFO  ua.foxminded.skarb.pages.NgoSignUpPage - Position: Systems Administrator was written.
2024-02-02 17:30:07.249 [main] INFO  ua.foxminded.skarb.pages.NgoSignUpPage - Sign Up button was clicked.
2024-02-02 17:30:07.250 [main] INFO  ua.foxminded.skarb.tests.NgoRegistrationTest - NGO registration form was filled in
2024-02-02 17:30:09.799 [main] INFO  ua.foxminded.skarb.pages.CongratsNgoPage - Mail tab was open
2024-02-02 17:30:10.533 [main] INFO  ua.foxminded.skarb.pages.MailHogPage - Email containing '@example.com' was found and clicked.
2024-02-02 17:30:10.638 [main] INFO  ua.foxminded.skarb.pages.MailHogPage - Confirmation link was clicked
2024-02-02 17:30:11.847 [main] INFO  ua.foxminded.skarb.tests.NgoRegistrationTest - Your email was confirmed. Congratulation!
2024-02-02 17:30:12.588 [main] INFO  ua.foxminded.skarb.pages.NewConfirmationPage - Log In tab was open
2024-02-02 17:30:12.664 [main] INFO  ua.foxminded.skarb.pages.LoginPage - Login field '@example.com' email was used
2024-02-02 17:30:12.715 [main] INFO  ua.foxminded.skarb.pages.LoginPage - Password field 'TEst@1234' password was used
2024-02-02 17:30:12.750 [main] INFO  ua.foxminded.skarb.pages.LoginPage - Enter button was clicked.
2024-02-02 17:30:12.751 [main] INFO  ua.foxminded.skarb.tests.NgoRegistrationTest - Login button was clicked
2024-02-02 17:30:12.759 [main] INFO  ua.foxminded.skarb.tests.NgoRegistrationTest - Close driver
2024-02-02 17:38:08.722 [main] INFO  ua.foxminded.skarb.tests.NgoRegistrationTest - Create driver: Chrome
2024-02-02 17:38:09.138 [main] INFO  ua.foxminded.skarb.tests.NgoRegistrationTest - Starting register a NGO
2024-02-02 17:38:10.797 [main] INFO  ua.foxminded.skarb.tests.NgoRegistrationTest - NGO page was open
2024-02-02 17:38:11.022 [main] INFO  ua.foxminded.skarb.pages.NgoSignUpPage - Email was written: Cvpj.Zsoaz@example.com
2024-02-02 17:38:11.077 [main] INFO  ua.foxminded.skarb.pages.NgoSignUpPage - First name was written: Cvpj
2024-02-02 17:38:11.127 [main] INFO  ua.foxminded.skarb.pages.NgoSignUpPage - Last name was written: Zsoaz
2024-02-02 17:38:11.163 [main] INFO  ua.foxminded.skarb.pages.NgoSignUpPage - Sex:Male was chosen.
2024-02-02 17:38:11.263 [main] INFO  ua.foxminded.skarb.pages.NgoSignUpPage - Password & Confirmation were written
2024-02-02 17:38:11.314 [main] INFO  ua.foxminded.skarb.pages.NgoSignUpPage - Organization name was written: HNLK
2024-02-02 17:38:11.427 [main] INFO  ua.foxminded.skarb.pages.NgoSignUpPage - 'Programming' category was chosen
2024-02-02 17:38:11.477 [main] INFO  ua.foxminded.skarb.pages.NgoSignUpPage - Position: Analyst was written.
2024-02-02 17:38:12.536 [main] INFO  ua.foxminded.skarb.pages.NgoSignUpPage - Sign Up button was clicked.
2024-02-02 17:38:12.538 [main] INFO  ua.foxminded.skarb.tests.NgoRegistrationTest - NGO registration form was filled in
2024-02-02 17:38:14.975 [main] INFO  ua.foxminded.skarb.pages.CongratsNgoPage - Mail tab was open
2024-02-02 17:39:35.703 [main] INFO  ua.foxminded.skarb.tests.NgoRegistrationTest - Close driver
2024-02-02 17:49:23.034 [main] INFO  ua.foxminded.skarb.tests.NgoRegistrationTest - Create driver: Chrome
2024-02-02 17:49:23.513 [main] INFO  ua.foxminded.skarb.tests.NgoRegistrationTest - Starting register a NGO
2024-02-02 17:49:25.421 [main] INFO  ua.foxminded.skarb.tests.NgoRegistrationTest - NGO page was open
2024-02-02 17:49:25.636 [main] INFO  ua.foxminded.skarb.pages.NgoSignUpPage - Email was written: Zywu.Smvxv@example.com
2024-02-02 17:49:25.690 [main] INFO  ua.foxminded.skarb.pages.NgoSignUpPage - First name was written: Zywu
2024-02-02 17:49:25.736 [main] INFO  ua.foxminded.skarb.pages.NgoSignUpPage - Last name was written: Smvxv
2024-02-02 17:49:25.769 [main] INFO  ua.foxminded.skarb.pages.NgoSignUpPage - Sex:Male was chosen.
2024-02-02 17:49:25.878 [main] INFO  ua.foxminded.skarb.pages.NgoSignUpPage - Password & Confirmation were written
2024-02-02 17:49:25.929 [main] INFO  ua.foxminded.skarb.pages.NgoSignUpPage - Organization name was written: XBMA
2024-02-02 17:49:26.037 [main] INFO  ua.foxminded.skarb.pages.NgoSignUpPage - 'Programming' category was chosen
2024-02-02 17:49:26.088 [main] INFO  ua.foxminded.skarb.pages.NgoSignUpPage - Position: Product Manager was written.
2024-02-02 17:49:27.113 [main] INFO  ua.foxminded.skarb.pages.NgoSignUpPage - Sign Up button was clicked.
2024-02-02 17:49:27.116 [main] INFO  ua.foxminded.skarb.tests.NgoRegistrationTest - NGO registration form was filled in
2024-02-02 17:49:30.129 [main] INFO  ua.foxminded.skarb.pages.CongratsNgoPage - Mail tab was open
2024-02-02 17:50:50.702 [main] INFO  ua.foxminded.skarb.tests.NgoRegistrationTest - Close driver
2024-02-02 18:19:59.593 [main] INFO  ua.foxminded.skarb.tests.NgoRegistrationTest - Create driver: Chrome
2024-02-02 18:20:00.001 [main] INFO  ua.foxminded.skarb.tests.NgoRegistrationTest - Starting register a NGO
2024-02-02 18:20:01.913 [main] INFO  ua.foxminded.skarb.tests.NgoRegistrationTest - NGO page was open
2024-02-02 18:20:02.191 [main] INFO  ua.foxminded.skarb.pages.NgoSignUpPage - Email was written: Dvls.Dorjx@example.com
2024-02-02 18:20:02.245 [main] INFO  ua.foxminded.skarb.pages.NgoSignUpPage - First name was written: Dvls
2024-02-02 18:20:02.294 [main] INFO  ua.foxminded.skarb.pages.NgoSignUpPage - Last name was written: Dorjx
2024-02-02 18:20:02.329 [main] INFO  ua.foxminded.skarb.pages.NgoSignUpPage - Sex:Male was chosen.
2024-02-02 18:20:02.441 [main] INFO  ua.foxminded.skarb.pages.NgoSignUpPage - Password & Confirmation were written
2024-02-02 18:20:02.492 [main] INFO  ua.foxminded.skarb.pages.NgoSignUpPage - Organization name was written: PPZM
2024-02-02 18:20:02.609 [main] INFO  ua.foxminded.skarb.pages.NgoSignUpPage - 'Programming' category was chosen
2024-02-02 18:20:02.658 [main] INFO  ua.foxminded.skarb.pages.NgoSignUpPage - Position: Engineer was written.
2024-02-02 18:20:03.817 [main] INFO  ua.foxminded.skarb.pages.NgoSignUpPage - Sign Up button was clicked.
2024-02-02 18:20:03.819 [main] INFO  ua.foxminded.skarb.tests.NgoRegistrationTest - NGO registration form was filled in
2024-02-02 18:20:06.481 [main] INFO  ua.foxminded.skarb.pages.CongratsNgoPage - Mail tab was open
2024-02-02 18:21:00.249 [main] INFO  ua.foxminded.skarb.pages.MailHogPage - Email containing 'Dvls.Dorjx@example.com' was found and clicked.
2024-02-02 18:21:00.333 [main] INFO  ua.foxminded.skarb.pages.MailHogPage - Confirmation link was clicked
2024-02-02 18:21:01.894 [main] INFO  ua.foxminded.skarb.tests.NgoRegistrationTest - Your email was confirmed. Congratulation!
2024-02-02 18:21:02.648 [main] INFO  ua.foxminded.skarb.pages.NewConfirmationPage - Log In tab was open
2024-02-02 18:21:02.738 [main] INFO  ua.foxminded.skarb.pages.LoginPage - Login field 'Dvls.Dorjx@example.com' email was used
2024-02-02 18:21:02.787 [main] INFO  ua.foxminded.skarb.pages.LoginPage - Password field 'TEst@1234' password was used
2024-02-02 18:21:03.642 [main] INFO  ua.foxminded.skarb.pages.LoginPage - Enter button was clicked.
2024-02-02 18:21:03.643 [main] INFO  ua.foxminded.skarb.tests.NgoRegistrationTest - Login button was clicked
2024-02-02 18:21:03.646 [main] INFO  ua.foxminded.skarb.tests.NgoRegistrationTest - User successfully log in!
2024-02-02 18:21:03.649 [main] INFO  ua.foxminded.skarb.tests.NgoRegistrationTest - Close driver
2024-02-02 18:38:42.827 [main] INFO  ua.foxminded.skarb.tests.PartnerRegistrationTest - Create driver: Chrome
2024-02-02 18:38:43.242 [main] INFO  ua.foxminded.skarb.tests.PartnerRegistrationTest - Starting register a Partner
2024-02-02 18:38:45.057 [main] INFO  ua.foxminded.skarb.tests.PartnerRegistrationTest - Page was opened
2024-02-02 18:38:46.687 [main] INFO  ua.foxminded.skarb.pages.PartnersSignUpPage - Email was written: Aqp.Vnfqq@skarb.ngo
2024-02-02 18:38:46.739 [main] INFO  ua.foxminded.skarb.pages.PartnersSignUpPage - First name was written: Aqp
2024-02-02 18:38:46.786 [main] INFO  ua.foxminded.skarb.pages.PartnersSignUpPage - Last name was written: Vnfqq
2024-02-02 18:38:46.824 [main] INFO  ua.foxminded.skarb.pages.PartnersSignUpPage - Sex:Female was chosen.
2024-02-02 18:38:46.925 [main] INFO  ua.foxminded.skarb.pages.PartnersSignUpPage - Password & Confirmation were written.
2024-02-02 18:38:46.977 [main] INFO  ua.foxminded.skarb.pages.PartnersSignUpPage - Organization name was written: UPV
2024-02-02 18:38:47.094 [main] INFO  ua.foxminded.skarb.pages.PartnersSignUpPage - 'Programming' category was chosen.
2024-02-02 18:38:47.143 [main] INFO  ua.foxminded.skarb.pages.PartnersSignUpPage - Position: Manager was written.
2024-02-02 18:38:48.178 [main] INFO  ua.foxminded.skarb.pages.PartnersSignUpPage - Sign Up button was clicked
2024-02-02 18:38:48.180 [main] INFO  ua.foxminded.skarb.tests.PartnerRegistrationTest - Partners registration form was filled in
2024-02-02 18:38:50.794 [main] INFO  ua.foxminded.skarb.pages.CongratsNgoPage - Mail tab was open
2024-02-02 18:39:00.221 [main] INFO  ua.foxminded.skarb.pages.MailHogPage - Email containing 'Aqp.Vnfqq@skarb.ngo' was found and clicked.
2024-02-02 18:39:00.324 [main] INFO  ua.foxminded.skarb.pages.MailHogPage - Confirmation link was clicked
2024-02-02 18:39:01.533 [main] INFO  ua.foxminded.skarb.tests.PartnerRegistrationTest - Your email was confirmed. Congratulation!
2024-02-02 18:39:01.536 [main] INFO  ua.foxminded.skarb.tests.PartnerRegistrationTest - Close driver
2024-02-02 18:54:45.689 [main] INFO  ua.foxminded.skarb.tests.VolunteerRegistrationTest - Create driver: Chrome
2024-02-02 18:54:46.106 [main] INFO  ua.foxminded.skarb.tests.VolunteerRegistrationTest - Starting register a Volunteer
2024-02-02 18:54:47.705 [main] INFO  ua.foxminded.skarb.tests.VolunteerRegistrationTest - Volunteer page was open
2024-02-02 18:54:47.705 [main] INFO  ua.foxminded.skarb.tests.VolunteerRegistrationTest - Registration form completed
2024-02-02 18:54:47.968 [main] INFO  ua.foxminded.skarb.pages.VolunteersSignUpPage - Email was written: Erg.Vovyn@skarb.ngo
2024-02-02 18:54:48.053 [main] INFO  ua.foxminded.skarb.pages.VolunteersSignUpPage - First name was written: Erg
2024-02-02 18:54:48.127 [main] INFO  ua.foxminded.skarb.pages.VolunteersSignUpPage - Last name was written: Vovyn
2024-02-02 18:54:48.233 [main] INFO  ua.foxminded.skarb.pages.VolunteersSignUpPage - Password & Confirmation were written
2024-02-02 18:54:48.338 [main] INFO  ua.foxminded.skarb.pages.VolunteersSignUpPage - 'Programming' category was chosen
2024-02-02 18:54:49.373 [main] INFO  ua.foxminded.skarb.pages.VolunteersSignUpPage - Sign Up button was clicked.
2024-02-02 18:54:49.375 [main] INFO  ua.foxminded.skarb.tests.VolunteerRegistrationTest - Registration form completed
2024-02-02 18:54:49.390 [main] INFO  ua.foxminded.skarb.tests.VolunteerRegistrationTest - Assertions successfully validated
2024-02-02 18:54:49.391 [main] INFO  ua.foxminded.skarb.tests.VolunteerRegistrationTest - Close driver
2024-02-02 19:02:39.349 [main] INFO  ua.foxminded.skarb.tests.NgoRegistrationTest - Create driver: Chrome
2024-02-02 19:02:39.763 [main] INFO  ua.foxminded.skarb.tests.NgoRegistrationTest - Starting register a NGO
2024-02-02 19:02:41.461 [main] INFO  ua.foxminded.skarb.tests.NgoRegistrationTest - NGO page was open
2024-02-02 19:02:41.693 [main] INFO  ua.foxminded.skarb.pages.NgoSignUpPage - Email was written: Aavs.Wxcnx@example.com
2024-02-02 19:02:41.744 [main] INFO  ua.foxminded.skarb.pages.NgoSignUpPage - First name was written: Aavs
2024-02-02 19:02:41.797 [main] INFO  ua.foxminded.skarb.pages.NgoSignUpPage - Last name was written: Wxcnx
2024-02-02 19:02:41.834 [main] INFO  ua.foxminded.skarb.pages.NgoSignUpPage - Sex:Male was chosen.
2024-02-02 19:02:41.937 [main] INFO  ua.foxminded.skarb.pages.NgoSignUpPage - Password & Confirmation were written
2024-02-02 19:02:41.988 [main] INFO  ua.foxminded.skarb.pages.NgoSignUpPage - Organization name was written: VGPI
2024-02-02 19:02:42.102 [main] INFO  ua.foxminded.skarb.pages.NgoSignUpPage - 'Programming' category was chosen
2024-02-02 19:02:42.154 [main] INFO  ua.foxminded.skarb.pages.NgoSignUpPage - Position: Product Manager was written.
2024-02-02 19:02:43.158 [main] INFO  ua.foxminded.skarb.pages.NgoSignUpPage - Sign Up button was clicked.
2024-02-02 19:02:43.160 [main] INFO  ua.foxminded.skarb.tests.NgoRegistrationTest - NGO registration form was filled in
2024-02-02 19:02:45.629 [main] INFO  ua.foxminded.skarb.pages.CongratsNgoPage - Mail tab was open
2024-02-02 19:03:00.238 [main] INFO  ua.foxminded.skarb.pages.MailHogPage - Email containing 'Aavs.Wxcnx@example.com' was found and clicked.
2024-02-02 19:03:00.364 [main] INFO  ua.foxminded.skarb.pages.MailHogPage - Confirmation link was clicked
2024-02-02 19:03:01.623 [main] INFO  ua.foxminded.skarb.tests.NgoRegistrationTest - Your email was confirmed. Congratulation!
2024-02-02 19:03:02.371 [main] INFO  ua.foxminded.skarb.pages.NewConfirmationPage - Log In tab was open
2024-02-02 19:03:02.460 [main] INFO  ua.foxminded.skarb.pages.LoginPage - Login field 'Aavs.Wxcnx@example.com' email was used
2024-02-02 19:03:02.511 [main] INFO  ua.foxminded.skarb.pages.LoginPage - Password field 'HJvb&3321' password was used
2024-02-02 19:03:03.656 [main] INFO  ua.foxminded.skarb.pages.LoginPage - Enter button was clicked.
2024-02-02 19:03:03.657 [main] INFO  ua.foxminded.skarb.tests.NgoRegistrationTest - Login button was clicked
2024-02-02 19:03:03.662 [main] INFO  ua.foxminded.skarb.tests.NgoRegistrationTest - User successfully log in!
2024-02-02 19:03:03.664 [main] INFO  ua.foxminded.skarb.tests.NgoRegistrationTest - Close driver
2024-02-02 19:03:57.624 [main] INFO  ua.foxminded.skarb.tests.PartnerRegistrationTest - Create driver: Chrome
2024-02-02 19:03:58.046 [main] INFO  ua.foxminded.skarb.tests.PartnerRegistrationTest - Starting register a Partner
2024-02-02 19:03:59.718 [main] INFO  ua.foxminded.skarb.tests.PartnerRegistrationTest - Page was opened
2024-02-02 19:04:01.361 [main] INFO  ua.foxminded.skarb.pages.PartnersSignUpPage - Email was written: Bud.Uklgb@skarb.ngo
2024-02-02 19:04:01.595 [main] INFO  ua.foxminded.skarb.pages.PartnersSignUpPage - First name was written: Bud
2024-02-02 19:04:01.739 [main] INFO  ua.foxminded.skarb.pages.PartnersSignUpPage - Last name was written: Uklgb
2024-02-02 19:04:01.792 [main] INFO  ua.foxminded.skarb.pages.PartnersSignUpPage - Sex:Female was chosen.
2024-02-02 19:04:01.908 [main] INFO  ua.foxminded.skarb.pages.PartnersSignUpPage - Password & Confirmation were written.
2024-02-02 19:04:01.974 [main] INFO  ua.foxminded.skarb.pages.PartnersSignUpPage - Organization name was written: LEW
2024-02-02 19:04:02.091 [main] INFO  ua.foxminded.skarb.pages.PartnersSignUpPage - 'Programming' category was chosen.
2024-02-02 19:04:02.142 [main] INFO  ua.foxminded.skarb.pages.PartnersSignUpPage - Position: Manager was written.
2024-02-02 19:04:03.290 [main] INFO  ua.foxminded.skarb.pages.PartnersSignUpPage - Sign Up button was clicked
2024-02-02 19:04:03.292 [main] INFO  ua.foxminded.skarb.tests.PartnerRegistrationTest - Partners registration form was filled in
2024-02-02 19:04:05.773 [main] INFO  ua.foxminded.skarb.pages.CongratsNgoPage - Mail tab was open
2024-02-02 19:05:00.292 [main] INFO  ua.foxminded.skarb.pages.MailHogPage - Email containing 'Bud.Uklgb@skarb.ngo' was found and clicked.
2024-02-02 19:05:00.484 [main] INFO  ua.foxminded.skarb.pages.MailHogPage - Confirmation link was clicked
2024-02-02 19:05:01.970 [main] INFO  ua.foxminded.skarb.tests.PartnerRegistrationTest - Your email was confirmed. Congratulation!
2024-02-02 19:05:01.974 [main] INFO  ua.foxminded.skarb.tests.PartnerRegistrationTest - Close driver
