2024-02-01 18:32:13.643 [main] INFO  ua.foxminded.skarb.tests.NgoRegistrationTest - Create driver: Chrome
2024-02-01 18:32:14.057 [main] INFO  ua.foxminded.skarb.tests.NgoRegistrationTest - Starting register a NGO
2024-02-01 18:32:28.799 [main] INFO  ua.foxminded.skarb.tests.NgoRegistrationTest - NGO page was open
2024-02-01 18:32:33.071 [main] INFO  ua.foxminded.skarb.tests.NgoRegistrationTest - Close driver
2024-02-01 18:33:48.729 [main] INFO  ua.foxminded.skarb.tests.NgoRegistrationTest - Create driver: Chrome
2024-02-01 18:33:49.146 [main] INFO  ua.foxminded.skarb.tests.NgoRegistrationTest - Starting register a NGO
2024-02-01 18:33:55.212 [main] INFO  ua.foxminded.skarb.tests.NgoRegistrationTest - NGO page was open
2024-02-01 18:33:55.454 [main] INFO  ua.foxminded.skarb.pages.NgoSignUpPage - Email was written: Ssog.Wzrke@example.com
2024-02-01 18:33:55.507 [main] INFO  ua.foxminded.skarb.pages.NgoSignUpPage - First name was written: Ssog
2024-02-01 18:33:55.556 [main] INFO  ua.foxminded.skarb.pages.NgoSignUpPage - Last name was written: Wzrke
2024-02-01 18:33:55.594 [main] INFO  ua.foxminded.skarb.pages.NgoSignUpPage - Sex:Male was chosen.
2024-02-01 18:33:55.701 [main] INFO  ua.foxminded.skarb.pages.NgoSignUpPage - Password & Confirmation were written
2024-02-01 18:33:55.753 [main] INFO  ua.foxminded.skarb.pages.NgoSignUpPage - Organization name was written: GVEE
2024-02-01 18:33:55.864 [main] INFO  ua.foxminded.skarb.pages.NgoSignUpPage - 'Programming' category was chosen
2024-02-01 18:33:55.916 [main] INFO  ua.foxminded.skarb.pages.NgoSignUpPage - Position: Systems Administrator was written.
2024-02-01 18:34:00.627 [main] INFO  ua.foxminded.skarb.pages.NgoSignUpPage - Sign Up button was clicked.
2024-02-01 18:34:00.629 [main] INFO  ua.foxminded.skarb.tests.NgoRegistrationTest - NGO registration form was filled in
2024-02-01 18:34:04.029 [main] INFO  ua.foxminded.skarb.pages.CongratsNgoPage - Mail tab was open
2024-02-01 18:34:04.838 [main] INFO  ua.foxminded.skarb.pages.MailHogPage - Email containing 'Ssog.Wzrke@example.com' was found and clicked.
2024-02-01 18:34:04.940 [main] INFO  ua.foxminded.skarb.pages.MailHogPage - Confirmation link was clicked
2024-02-01 18:34:11.052 [main] INFO  ua.foxminded.skarb.tests.NgoRegistrationTest - Your email was confirmed. Congratulation!
2024-02-01 18:34:17.620 [main] INFO  ua.foxminded.skarb.tests.NgoRegistrationTest - Close driver
2024-02-01 18:35:18.302 [main] INFO  ua.foxminded.skarb.tests.NgoRegistrationTest - Create driver: Chrome
2024-02-01 18:35:18.453 [main] INFO  ua.foxminded.skarb.tests.NgoRegistrationTest - Starting register a NGO
2024-02-01 18:35:23.819 [main] INFO  ua.foxminded.skarb.tests.NgoRegistrationTest - NGO page was open
2024-02-01 18:35:24.030 [main] INFO  ua.foxminded.skarb.pages.NgoSignUpPage - Email was written: Igjn.Ysqfn@example.com
2024-02-01 18:35:24.089 [main] INFO  ua.foxminded.skarb.pages.NgoSignUpPage - First name was written: Igjn
2024-02-01 18:35:24.138 [main] INFO  ua.foxminded.skarb.pages.NgoSignUpPage - Last name was written: Ysqfn
2024-02-01 18:35:24.172 [main] INFO  ua.foxminded.skarb.pages.NgoSignUpPage - Sex:Male was chosen.
2024-02-01 18:35:24.275 [main] INFO  ua.foxminded.skarb.pages.NgoSignUpPage - Password & Confirmation were written
2024-02-01 18:35:24.331 [main] INFO  ua.foxminded.skarb.pages.NgoSignUpPage - Organization name was written: WOVQ
2024-02-01 18:35:24.439 [main] INFO  ua.foxminded.skarb.pages.NgoSignUpPage - 'Programming' category was chosen
2024-02-01 18:35:24.491 [main] INFO  ua.foxminded.skarb.pages.NgoSignUpPage - Position: Product Manager was written.
2024-02-01 18:35:29.255 [main] INFO  ua.foxminded.skarb.pages.NgoSignUpPage - Sign Up button was clicked.
2024-02-01 18:35:29.257 [main] INFO  ua.foxminded.skarb.tests.NgoRegistrationTest - NGO registration form was filled in
2024-02-01 18:35:32.034 [main] INFO  ua.foxminded.skarb.pages.CongratsNgoPage - Mail tab was open
2024-02-01 18:36:00.183 [main] INFO  ua.foxminded.skarb.pages.MailHogPage - Email containing 'Igjn.Ysqfn@example.com' was found and clicked.
2024-02-01 18:36:00.271 [main] INFO  ua.foxminded.skarb.pages.MailHogPage - Confirmation link was clicked
2024-02-01 18:36:05.399 [main] INFO  ua.foxminded.skarb.tests.NgoRegistrationTest - Your email was confirmed. Congratulation!
2024-02-01 18:36:11.954 [main] INFO  ua.foxminded.skarb.tests.NgoRegistrationTest - Close driver
2024-02-01 18:40:58.974 [main] INFO  ua.foxminded.skarb.tests.NgoRegistrationTest - Create driver: Chrome
2024-02-01 18:40:59.089 [main] INFO  ua.foxminded.skarb.tests.NgoRegistrationTest - Starting register a NGO
2024-02-01 18:41:06.804 [main] INFO  ua.foxminded.skarb.tests.NgoRegistrationTest - NGO page was open
2024-02-01 18:41:07.015 [main] INFO  ua.foxminded.skarb.pages.NgoSignUpPage - Email was written: Zoht.Xkerc@example.com
2024-02-01 18:41:07.067 [main] INFO  ua.foxminded.skarb.pages.NgoSignUpPage - First name was written: Zoht
2024-02-01 18:41:07.115 [main] INFO  ua.foxminded.skarb.pages.NgoSignUpPage - Last name was written: Xkerc
2024-02-01 18:41:07.149 [main] INFO  ua.foxminded.skarb.pages.NgoSignUpPage - Sex:Male was chosen.
2024-02-01 18:41:07.251 [main] INFO  ua.foxminded.skarb.pages.NgoSignUpPage - Password & Confirmation were written
2024-02-01 18:41:07.302 [main] INFO  ua.foxminded.skarb.pages.NgoSignUpPage - Organization name was written: MEZC
2024-02-01 18:41:07.419 [main] INFO  ua.foxminded.skarb.pages.NgoSignUpPage - 'Programming' category was chosen
2024-02-01 18:41:07.472 [main] INFO  ua.foxminded.skarb.pages.NgoSignUpPage - Position: Product Manager was written.
2024-02-01 18:41:14.475 [main] INFO  ua.foxminded.skarb.pages.NgoSignUpPage - Sign Up button was clicked.
2024-02-01 18:41:14.481 [main] INFO  ua.foxminded.skarb.tests.NgoRegistrationTest - NGO registration form was filled in
2024-02-01 18:41:19.968 [main] INFO  ua.foxminded.skarb.pages.CongratsNgoPage - Mail tab was open
2024-02-01 18:42:00.271 [main] INFO  ua.foxminded.skarb.pages.MailHogPage - Email containing 'Zoht.Xkerc@example.com' was found and clicked.
2024-02-01 18:42:00.374 [main] INFO  ua.foxminded.skarb.pages.MailHogPage - Confirmation link was clicked
2024-02-01 18:42:08.113 [main] INFO  ua.foxminded.skarb.tests.NgoRegistrationTest - Your email was confirmed. Congratulation!
2024-02-01 18:42:14.872 [main] INFO  ua.foxminded.skarb.pages.NewConfirmationPage - Log In tab was open
2024-02-01 18:42:14.961 [main] INFO  ua.foxminded.skarb.pages.LoginPage - Login field 'Zoht.Xkerc@example.com' email was used
2024-02-01 18:42:15.010 [main] INFO  ua.foxminded.skarb.pages.LoginPage - Password field 'ABcd!4321' password was used
2024-02-01 18:42:26.497 [main] INFO  ua.foxminded.skarb.pages.LoginPage - Enter button was clicked.
2024-02-01 18:42:26.500 [main] INFO  ua.foxminded.skarb.tests.NgoRegistrationTest - Login button was clicked
2024-02-01 18:42:26.506 [main] INFO  ua.foxminded.skarb.tests.NgoRegistrationTest - User successfully log in!
2024-02-01 18:42:26.512 [main] INFO  ua.foxminded.skarb.tests.NgoRegistrationTest - Close driver
